G75*
%MOIN*%
%OFA0B0*%
%FSLAX24Y24*%
%IPPOS*%
%LPD*%
%AMOC8*
5,1,8,0,0,1.08239X$1,22.5*
%
%ADD10C,0.0010*%
%ADD11C,0.0000*%
D10*
X000653Y001806D02*
X000634Y001846D01*
X000612Y001885D01*
X000587Y001921D01*
X000559Y001956D01*
X000529Y001988D01*
X000496Y002019D01*
X000461Y002046D01*
X000424Y002071D01*
X000386Y002093D01*
X000346Y002112D01*
X000345Y002110D02*
X000311Y002126D01*
X000279Y002146D01*
X000250Y002169D01*
X000223Y002195D01*
X000198Y002223D01*
X000176Y002253D01*
X000157Y002286D01*
X000141Y002320D01*
X000129Y002355D01*
X000120Y002392D01*
X000115Y002429D01*
X000113Y002466D01*
X000113Y003926D01*
X002473Y003926D01*
X002527Y003928D01*
X002581Y003933D01*
X002634Y003943D01*
X002686Y003955D01*
X002738Y003972D01*
X002788Y003991D01*
X002836Y004015D01*
X002883Y004041D01*
X002929Y004071D01*
X002972Y004103D01*
X003012Y004139D01*
X003050Y004177D01*
X003086Y004217D01*
X003118Y004260D01*
X003148Y004306D01*
X003174Y004353D01*
X003198Y004401D01*
X003217Y004451D01*
X003234Y004503D01*
X003246Y004555D01*
X003256Y004608D01*
X003261Y004662D01*
X003263Y004716D01*
X003263Y007866D01*
X003261Y007920D01*
X003256Y007974D01*
X003246Y008027D01*
X003234Y008079D01*
X003217Y008131D01*
X003198Y008181D01*
X003174Y008229D01*
X003148Y008276D01*
X003118Y008322D01*
X003086Y008365D01*
X003050Y008405D01*
X003012Y008443D01*
X002972Y008479D01*
X002929Y008511D01*
X002883Y008541D01*
X002836Y008567D01*
X002788Y008591D01*
X002738Y008610D01*
X002686Y008627D01*
X002634Y008639D01*
X002581Y008649D01*
X002527Y008654D01*
X002473Y008656D01*
X000113Y008656D01*
X000113Y021006D01*
X000104Y021006D02*
X000106Y021044D01*
X000112Y021082D01*
X000122Y021119D01*
X000135Y021154D01*
X000151Y021189D01*
X000170Y021221D01*
X000193Y021252D01*
X000218Y021280D01*
X000246Y021306D01*
X000276Y021329D01*
X000309Y021350D01*
X000343Y021366D01*
X000383Y021385D01*
X000421Y021407D01*
X000457Y021432D01*
X000491Y021459D01*
X000524Y021489D01*
X000554Y021521D01*
X000581Y021555D01*
X000606Y021591D01*
X000628Y021629D01*
X000647Y021669D01*
X000650Y021667D02*
X000667Y021702D01*
X000687Y021734D01*
X000710Y021765D01*
X000736Y021793D01*
X000765Y021818D01*
X000796Y021841D01*
X000829Y021860D01*
X000864Y021877D01*
X000900Y021889D01*
X000937Y021899D01*
X000975Y021904D01*
X001013Y021906D01*
X017973Y021906D01*
X017973Y017976D01*
X017975Y017900D01*
X017981Y017824D01*
X017991Y017749D01*
X018004Y017674D01*
X018022Y017600D01*
X018043Y017527D01*
X018068Y017456D01*
X018096Y017385D01*
X018129Y017317D01*
X018164Y017249D01*
X018203Y017184D01*
X018246Y017121D01*
X018291Y017061D01*
X018340Y017002D01*
X018392Y016947D01*
X018446Y016894D01*
X018503Y016843D01*
X018563Y016796D01*
X018625Y016752D01*
X018689Y016711D01*
X018755Y016674D01*
X018823Y016640D01*
X018892Y016610D01*
X018963Y016583D01*
X019036Y016560D01*
X019109Y016540D01*
X019184Y016525D01*
X019259Y016513D01*
X019334Y016505D01*
X019410Y016501D01*
X019486Y016501D01*
X019562Y016505D01*
X019637Y016513D01*
X019712Y016525D01*
X019787Y016540D01*
X019860Y016560D01*
X019933Y016583D01*
X020004Y016610D01*
X020073Y016640D01*
X020141Y016674D01*
X020207Y016711D01*
X020271Y016752D01*
X020333Y016796D01*
X020393Y016843D01*
X020450Y016894D01*
X020504Y016947D01*
X020556Y017002D01*
X020605Y017061D01*
X020650Y017121D01*
X020693Y017184D01*
X020732Y017249D01*
X020767Y017317D01*
X020800Y017385D01*
X020828Y017456D01*
X020853Y017527D01*
X020874Y017600D01*
X020892Y017674D01*
X020905Y017749D01*
X020915Y017824D01*
X020921Y017900D01*
X020923Y017976D01*
X020923Y021906D01*
X024123Y021906D01*
X024123Y021066D01*
X024125Y020991D01*
X024131Y020917D01*
X024141Y020843D01*
X024154Y020770D01*
X024172Y020697D01*
X024193Y020626D01*
X024218Y020555D01*
X024246Y020486D01*
X024278Y020419D01*
X024314Y020354D01*
X024353Y020290D01*
X024395Y020228D01*
X024441Y020169D01*
X024489Y020112D01*
X024540Y020058D01*
X024594Y020007D01*
X024651Y019959D01*
X024710Y019913D01*
X024772Y019871D01*
X024836Y019832D01*
X024901Y019796D01*
X024968Y019764D01*
X025037Y019736D01*
X025108Y019711D01*
X025179Y019690D01*
X025252Y019672D01*
X025325Y019659D01*
X025399Y019649D01*
X025473Y019643D01*
X025548Y019641D01*
X025623Y019643D01*
X025697Y019649D01*
X025771Y019659D01*
X025844Y019672D01*
X025917Y019690D01*
X025988Y019711D01*
X026059Y019736D01*
X026128Y019764D01*
X026195Y019796D01*
X026261Y019832D01*
X026324Y019871D01*
X026386Y019913D01*
X026445Y019959D01*
X026502Y020007D01*
X026556Y020058D01*
X026607Y020112D01*
X026655Y020169D01*
X026701Y020228D01*
X026743Y020290D01*
X026782Y020354D01*
X026818Y020419D01*
X026850Y020486D01*
X026878Y020555D01*
X026903Y020626D01*
X026924Y020697D01*
X026942Y020770D01*
X026955Y020843D01*
X026965Y020917D01*
X026971Y020991D01*
X026973Y021066D01*
X026973Y021906D01*
X031353Y021906D01*
X031353Y021903D02*
X031391Y021901D01*
X031429Y021896D01*
X031465Y021887D01*
X031501Y021874D01*
X031536Y021858D01*
X031569Y021838D01*
X031599Y021816D01*
X031628Y021791D01*
X031653Y021763D01*
X031676Y021733D01*
X031696Y021700D01*
X031713Y021666D01*
X031732Y021626D01*
X031754Y021587D01*
X031779Y021551D01*
X031807Y021516D01*
X031837Y021484D01*
X031870Y021453D01*
X031905Y021426D01*
X031942Y021401D01*
X031980Y021379D01*
X032020Y021360D01*
X032021Y021362D02*
X032055Y021346D01*
X032087Y021326D01*
X032116Y021303D01*
X032143Y021277D01*
X032168Y021249D01*
X032190Y021219D01*
X032209Y021186D01*
X032225Y021152D01*
X032237Y021117D01*
X032246Y021080D01*
X032251Y021043D01*
X032253Y021006D01*
X032253Y017176D01*
X032198Y017174D01*
X032144Y017168D01*
X032090Y017159D01*
X032037Y017146D01*
X031985Y017129D01*
X031934Y017108D01*
X031884Y017084D01*
X031837Y017057D01*
X031792Y017026D01*
X031748Y016992D01*
X031708Y016956D01*
X031670Y016916D01*
X031634Y016874D01*
X031602Y016830D01*
X031573Y016784D01*
X031547Y016735D01*
X031525Y016685D01*
X031506Y016634D01*
X031491Y016581D01*
X031480Y016527D01*
X031472Y016473D01*
X031468Y016418D01*
X031468Y016364D01*
X031472Y016309D01*
X031480Y016255D01*
X031491Y016201D01*
X031506Y016148D01*
X031525Y016097D01*
X031547Y016047D01*
X031573Y015998D01*
X031602Y015952D01*
X031634Y015908D01*
X031670Y015866D01*
X031708Y015826D01*
X031748Y015790D01*
X031792Y015756D01*
X031837Y015725D01*
X031884Y015698D01*
X031934Y015674D01*
X031985Y015653D01*
X032037Y015636D01*
X032090Y015623D01*
X032144Y015614D01*
X032198Y015608D01*
X032253Y015606D01*
X032253Y002466D01*
X032262Y002466D02*
X032260Y002428D01*
X032254Y002390D01*
X032244Y002353D01*
X032231Y002318D01*
X032215Y002283D01*
X032196Y002251D01*
X032173Y002220D01*
X032148Y002192D01*
X032120Y002166D01*
X032090Y002143D01*
X032057Y002122D01*
X032023Y002106D01*
X031983Y002087D01*
X031945Y002065D01*
X031909Y002040D01*
X031875Y002013D01*
X031842Y001983D01*
X031812Y001951D01*
X031785Y001917D01*
X031760Y001881D01*
X031738Y001843D01*
X031719Y001803D01*
X031716Y001805D02*
X031699Y001770D01*
X031679Y001738D01*
X031656Y001707D01*
X031630Y001679D01*
X031601Y001654D01*
X031570Y001631D01*
X031537Y001612D01*
X031502Y001595D01*
X031466Y001583D01*
X031429Y001573D01*
X031391Y001568D01*
X031353Y001566D01*
X014093Y001566D01*
X014093Y002406D01*
X014091Y002481D01*
X014085Y002555D01*
X014075Y002629D01*
X014062Y002702D01*
X014044Y002775D01*
X014023Y002846D01*
X013998Y002917D01*
X013970Y002986D01*
X013938Y003053D01*
X013902Y003119D01*
X013863Y003182D01*
X013821Y003244D01*
X013775Y003303D01*
X013727Y003360D01*
X013676Y003414D01*
X013622Y003465D01*
X013565Y003513D01*
X013506Y003559D01*
X013444Y003601D01*
X013381Y003640D01*
X013315Y003676D01*
X013248Y003708D01*
X013179Y003736D01*
X013108Y003761D01*
X013037Y003782D01*
X012964Y003800D01*
X012891Y003813D01*
X012817Y003823D01*
X012743Y003829D01*
X012668Y003831D01*
X012593Y003829D01*
X012519Y003823D01*
X012445Y003813D01*
X012372Y003800D01*
X012299Y003782D01*
X012228Y003761D01*
X012157Y003736D01*
X012088Y003708D01*
X012021Y003676D01*
X011956Y003640D01*
X011892Y003601D01*
X011830Y003559D01*
X011771Y003513D01*
X011714Y003465D01*
X011660Y003414D01*
X011609Y003360D01*
X011561Y003303D01*
X011515Y003244D01*
X011473Y003182D01*
X011434Y003119D01*
X011398Y003053D01*
X011366Y002986D01*
X011338Y002917D01*
X011313Y002846D01*
X011292Y002775D01*
X011274Y002702D01*
X011261Y002629D01*
X011251Y002555D01*
X011245Y002481D01*
X011243Y002406D01*
X011243Y001566D01*
X001013Y001566D01*
X001013Y001569D02*
X000975Y001571D01*
X000937Y001576D01*
X000901Y001585D01*
X000865Y001598D01*
X000830Y001614D01*
X000797Y001634D01*
X000767Y001656D01*
X000738Y001681D01*
X000713Y001709D01*
X000690Y001739D01*
X000670Y001772D01*
X000653Y001806D01*
D11*
X001529Y003696D02*
X001531Y003727D01*
X001537Y003758D01*
X001546Y003788D01*
X001559Y003817D01*
X001576Y003844D01*
X001596Y003868D01*
X001618Y003890D01*
X001644Y003909D01*
X001671Y003925D01*
X001700Y003937D01*
X001730Y003946D01*
X001761Y003951D01*
X001793Y003952D01*
X001824Y003949D01*
X001855Y003942D01*
X001885Y003932D01*
X001913Y003918D01*
X001939Y003900D01*
X001963Y003880D01*
X001984Y003856D01*
X002003Y003831D01*
X002018Y003803D01*
X002029Y003774D01*
X002037Y003743D01*
X002041Y003712D01*
X002041Y003680D01*
X002037Y003649D01*
X002029Y003618D01*
X002018Y003589D01*
X002003Y003561D01*
X001984Y003536D01*
X001963Y003512D01*
X001939Y003492D01*
X001913Y003474D01*
X001885Y003460D01*
X001855Y003450D01*
X001824Y003443D01*
X001793Y003440D01*
X001761Y003441D01*
X001730Y003446D01*
X001700Y003455D01*
X001671Y003467D01*
X001644Y003483D01*
X001618Y003502D01*
X001596Y003524D01*
X001576Y003548D01*
X001559Y003575D01*
X001546Y003604D01*
X001537Y003634D01*
X001531Y003665D01*
X001529Y003696D01*
X004286Y003696D02*
X004288Y003727D01*
X004294Y003758D01*
X004303Y003788D01*
X004316Y003817D01*
X004333Y003844D01*
X004353Y003868D01*
X004375Y003890D01*
X004401Y003909D01*
X004428Y003925D01*
X004457Y003937D01*
X004487Y003946D01*
X004518Y003951D01*
X004550Y003952D01*
X004581Y003949D01*
X004612Y003942D01*
X004642Y003932D01*
X004670Y003918D01*
X004696Y003900D01*
X004720Y003880D01*
X004741Y003856D01*
X004760Y003831D01*
X004775Y003803D01*
X004786Y003774D01*
X004794Y003743D01*
X004798Y003712D01*
X004798Y003680D01*
X004794Y003649D01*
X004786Y003618D01*
X004775Y003589D01*
X004760Y003561D01*
X004741Y003536D01*
X004720Y003512D01*
X004696Y003492D01*
X004670Y003474D01*
X004642Y003460D01*
X004612Y003450D01*
X004581Y003443D01*
X004550Y003440D01*
X004518Y003441D01*
X004487Y003446D01*
X004457Y003455D01*
X004428Y003467D01*
X004401Y003483D01*
X004375Y003502D01*
X004353Y003524D01*
X004333Y003548D01*
X004316Y003575D01*
X004303Y003604D01*
X004294Y003634D01*
X004288Y003665D01*
X004286Y003696D01*
X004635Y011028D02*
X004637Y011077D01*
X004643Y011125D01*
X004653Y011173D01*
X004667Y011220D01*
X004684Y011266D01*
X004705Y011310D01*
X004730Y011352D01*
X004758Y011392D01*
X004790Y011430D01*
X004824Y011465D01*
X004861Y011497D01*
X004900Y011526D01*
X004942Y011552D01*
X004986Y011574D01*
X005031Y011592D01*
X005078Y011607D01*
X005125Y011618D01*
X005174Y011625D01*
X005223Y011628D01*
X005272Y011627D01*
X005320Y011622D01*
X005369Y011613D01*
X005416Y011600D01*
X005462Y011583D01*
X005506Y011563D01*
X005549Y011539D01*
X005590Y011512D01*
X005628Y011481D01*
X005664Y011448D01*
X005696Y011412D01*
X005726Y011373D01*
X005753Y011332D01*
X005776Y011288D01*
X005795Y011243D01*
X005811Y011197D01*
X005823Y011150D01*
X005831Y011101D01*
X005835Y011052D01*
X005835Y011004D01*
X005831Y010955D01*
X005823Y010906D01*
X005811Y010859D01*
X005795Y010813D01*
X005776Y010768D01*
X005753Y010724D01*
X005726Y010683D01*
X005696Y010644D01*
X005664Y010608D01*
X005628Y010575D01*
X005590Y010544D01*
X005549Y010517D01*
X005506Y010493D01*
X005462Y010473D01*
X005416Y010456D01*
X005369Y010443D01*
X005320Y010434D01*
X005272Y010429D01*
X005223Y010428D01*
X005174Y010431D01*
X005125Y010438D01*
X005078Y010449D01*
X005031Y010464D01*
X004986Y010482D01*
X004942Y010504D01*
X004900Y010530D01*
X004861Y010559D01*
X004824Y010591D01*
X004790Y010626D01*
X004758Y010664D01*
X004730Y010704D01*
X004705Y010746D01*
X004684Y010790D01*
X004667Y010836D01*
X004653Y010883D01*
X004643Y010931D01*
X004637Y010979D01*
X004635Y011028D01*
X006195Y013390D02*
X006197Y013411D01*
X006203Y013431D01*
X006212Y013451D01*
X006224Y013468D01*
X006239Y013482D01*
X006257Y013494D01*
X006277Y013502D01*
X006297Y013507D01*
X006318Y013508D01*
X006339Y013505D01*
X006359Y013499D01*
X006378Y013488D01*
X006395Y013475D01*
X006408Y013459D01*
X006419Y013441D01*
X006427Y013421D01*
X006431Y013401D01*
X006431Y013379D01*
X006427Y013359D01*
X006419Y013339D01*
X006408Y013321D01*
X006395Y013305D01*
X006378Y013292D01*
X006359Y013281D01*
X006339Y013275D01*
X006318Y013272D01*
X006297Y013273D01*
X006277Y013278D01*
X006257Y013286D01*
X006239Y013298D01*
X006224Y013312D01*
X006212Y013329D01*
X006203Y013349D01*
X006197Y013369D01*
X006195Y013390D01*
X006195Y017957D02*
X006197Y017978D01*
X006203Y017998D01*
X006212Y018018D01*
X006224Y018035D01*
X006239Y018049D01*
X006257Y018061D01*
X006277Y018069D01*
X006297Y018074D01*
X006318Y018075D01*
X006339Y018072D01*
X006359Y018066D01*
X006378Y018055D01*
X006395Y018042D01*
X006408Y018026D01*
X006419Y018008D01*
X006427Y017988D01*
X006431Y017968D01*
X006431Y017946D01*
X006427Y017926D01*
X006419Y017906D01*
X006408Y017888D01*
X006395Y017872D01*
X006378Y017859D01*
X006359Y017848D01*
X006339Y017842D01*
X006318Y017839D01*
X006297Y017840D01*
X006277Y017845D01*
X006257Y017853D01*
X006239Y017865D01*
X006224Y017879D01*
X006212Y017896D01*
X006203Y017916D01*
X006197Y017936D01*
X006195Y017957D01*
X004635Y020319D02*
X004637Y020368D01*
X004643Y020416D01*
X004653Y020464D01*
X004667Y020511D01*
X004684Y020557D01*
X004705Y020601D01*
X004730Y020643D01*
X004758Y020683D01*
X004790Y020721D01*
X004824Y020756D01*
X004861Y020788D01*
X004900Y020817D01*
X004942Y020843D01*
X004986Y020865D01*
X005031Y020883D01*
X005078Y020898D01*
X005125Y020909D01*
X005174Y020916D01*
X005223Y020919D01*
X005272Y020918D01*
X005320Y020913D01*
X005369Y020904D01*
X005416Y020891D01*
X005462Y020874D01*
X005506Y020854D01*
X005549Y020830D01*
X005590Y020803D01*
X005628Y020772D01*
X005664Y020739D01*
X005696Y020703D01*
X005726Y020664D01*
X005753Y020623D01*
X005776Y020579D01*
X005795Y020534D01*
X005811Y020488D01*
X005823Y020441D01*
X005831Y020392D01*
X005835Y020343D01*
X005835Y020295D01*
X005831Y020246D01*
X005823Y020197D01*
X005811Y020150D01*
X005795Y020104D01*
X005776Y020059D01*
X005753Y020015D01*
X005726Y019974D01*
X005696Y019935D01*
X005664Y019899D01*
X005628Y019866D01*
X005590Y019835D01*
X005549Y019808D01*
X005506Y019784D01*
X005462Y019764D01*
X005416Y019747D01*
X005369Y019734D01*
X005320Y019725D01*
X005272Y019720D01*
X005223Y019719D01*
X005174Y019722D01*
X005125Y019729D01*
X005078Y019740D01*
X005031Y019755D01*
X004986Y019773D01*
X004942Y019795D01*
X004900Y019821D01*
X004861Y019850D01*
X004824Y019882D01*
X004790Y019917D01*
X004758Y019955D01*
X004730Y019995D01*
X004705Y020037D01*
X004684Y020081D01*
X004667Y020127D01*
X004653Y020174D01*
X004643Y020222D01*
X004637Y020270D01*
X004635Y020319D01*
X014072Y005176D02*
X014074Y005230D01*
X014080Y005284D01*
X014090Y005337D01*
X014103Y005390D01*
X014120Y005441D01*
X014141Y005491D01*
X014166Y005539D01*
X014194Y005586D01*
X014225Y005630D01*
X014259Y005672D01*
X014296Y005711D01*
X014336Y005748D01*
X014379Y005781D01*
X014424Y005812D01*
X014471Y005839D01*
X014519Y005862D01*
X014570Y005882D01*
X014621Y005899D01*
X014674Y005911D01*
X014727Y005920D01*
X014781Y005925D01*
X014836Y005926D01*
X014890Y005923D01*
X014943Y005916D01*
X014996Y005905D01*
X015049Y005891D01*
X015100Y005873D01*
X015149Y005851D01*
X015197Y005826D01*
X015243Y005797D01*
X015287Y005765D01*
X015328Y005730D01*
X015366Y005692D01*
X015402Y005651D01*
X015435Y005608D01*
X015465Y005563D01*
X015491Y005515D01*
X015514Y005466D01*
X015533Y005415D01*
X015548Y005364D01*
X015560Y005311D01*
X015568Y005257D01*
X015572Y005203D01*
X015572Y005149D01*
X015568Y005095D01*
X015560Y005041D01*
X015548Y004988D01*
X015533Y004937D01*
X015514Y004886D01*
X015491Y004837D01*
X015465Y004789D01*
X015435Y004744D01*
X015402Y004701D01*
X015366Y004660D01*
X015328Y004622D01*
X015287Y004587D01*
X015243Y004555D01*
X015197Y004526D01*
X015149Y004501D01*
X015100Y004479D01*
X015049Y004461D01*
X014996Y004447D01*
X014943Y004436D01*
X014890Y004429D01*
X014836Y004426D01*
X014781Y004427D01*
X014727Y004432D01*
X014674Y004441D01*
X014621Y004453D01*
X014570Y004470D01*
X014519Y004490D01*
X014471Y004513D01*
X014424Y004540D01*
X014379Y004571D01*
X014336Y004604D01*
X014296Y004641D01*
X014259Y004680D01*
X014225Y004722D01*
X014194Y004766D01*
X014166Y004813D01*
X014141Y004861D01*
X014120Y004911D01*
X014103Y004962D01*
X014090Y005015D01*
X014080Y005068D01*
X014074Y005122D01*
X014072Y005176D01*
X027375Y005176D02*
X027377Y005230D01*
X027383Y005284D01*
X027393Y005337D01*
X027406Y005390D01*
X027423Y005441D01*
X027444Y005491D01*
X027469Y005539D01*
X027497Y005586D01*
X027528Y005630D01*
X027562Y005672D01*
X027599Y005711D01*
X027639Y005748D01*
X027682Y005781D01*
X027727Y005812D01*
X027774Y005839D01*
X027822Y005862D01*
X027873Y005882D01*
X027924Y005899D01*
X027977Y005911D01*
X028030Y005920D01*
X028084Y005925D01*
X028139Y005926D01*
X028193Y005923D01*
X028246Y005916D01*
X028299Y005905D01*
X028352Y005891D01*
X028403Y005873D01*
X028452Y005851D01*
X028500Y005826D01*
X028546Y005797D01*
X028590Y005765D01*
X028631Y005730D01*
X028669Y005692D01*
X028705Y005651D01*
X028738Y005608D01*
X028768Y005563D01*
X028794Y005515D01*
X028817Y005466D01*
X028836Y005415D01*
X028851Y005364D01*
X028863Y005311D01*
X028871Y005257D01*
X028875Y005203D01*
X028875Y005149D01*
X028871Y005095D01*
X028863Y005041D01*
X028851Y004988D01*
X028836Y004937D01*
X028817Y004886D01*
X028794Y004837D01*
X028768Y004789D01*
X028738Y004744D01*
X028705Y004701D01*
X028669Y004660D01*
X028631Y004622D01*
X028590Y004587D01*
X028546Y004555D01*
X028500Y004526D01*
X028452Y004501D01*
X028403Y004479D01*
X028352Y004461D01*
X028299Y004447D01*
X028246Y004436D01*
X028193Y004429D01*
X028139Y004426D01*
X028084Y004427D01*
X028030Y004432D01*
X027977Y004441D01*
X027924Y004453D01*
X027873Y004470D01*
X027822Y004490D01*
X027774Y004513D01*
X027727Y004540D01*
X027682Y004571D01*
X027639Y004604D01*
X027599Y004641D01*
X027562Y004680D01*
X027528Y004722D01*
X027497Y004766D01*
X027469Y004813D01*
X027444Y004861D01*
X027423Y004911D01*
X027406Y004962D01*
X027393Y005015D01*
X027383Y005068D01*
X027377Y005122D01*
X027375Y005176D01*
X029048Y010931D02*
X029050Y010952D01*
X029056Y010973D01*
X029065Y010993D01*
X029078Y011010D01*
X029093Y011025D01*
X029111Y011037D01*
X029131Y011045D01*
X029152Y011050D01*
X029173Y011051D01*
X029195Y011048D01*
X029215Y011041D01*
X029234Y011031D01*
X029251Y011018D01*
X029265Y011002D01*
X029276Y010983D01*
X029284Y010963D01*
X029288Y010942D01*
X029288Y010920D01*
X029284Y010899D01*
X029276Y010879D01*
X029265Y010860D01*
X029251Y010844D01*
X029234Y010831D01*
X029215Y010821D01*
X029195Y010814D01*
X029173Y010811D01*
X029152Y010812D01*
X029131Y010817D01*
X029111Y010825D01*
X029093Y010837D01*
X029078Y010852D01*
X029065Y010869D01*
X029056Y010889D01*
X029050Y010910D01*
X029048Y010931D01*
X030638Y012541D02*
X030640Y012562D01*
X030646Y012583D01*
X030655Y012603D01*
X030668Y012620D01*
X030683Y012635D01*
X030701Y012647D01*
X030721Y012655D01*
X030742Y012660D01*
X030763Y012661D01*
X030785Y012658D01*
X030805Y012651D01*
X030824Y012641D01*
X030841Y012628D01*
X030855Y012612D01*
X030866Y012593D01*
X030874Y012573D01*
X030878Y012552D01*
X030878Y012530D01*
X030874Y012509D01*
X030866Y012489D01*
X030855Y012470D01*
X030841Y012454D01*
X030824Y012441D01*
X030805Y012431D01*
X030785Y012424D01*
X030763Y012421D01*
X030742Y012422D01*
X030721Y012427D01*
X030701Y012435D01*
X030683Y012447D01*
X030668Y012462D01*
X030655Y012479D01*
X030646Y012499D01*
X030640Y012520D01*
X030638Y012541D01*
M02*
